<?xml version="1.0" encoding="UTF-8"?>
<testng-results ignored="0" total="1" passed="1" failed="0" skipped="0">
  <reporter-output>
  </reporter-output>
  <suite started-at="2023-09-17T10:53:36 CDT" name="Default suite" finished-at="2023-09-17T10:53:42 CDT" duration-ms="6237">
    <groups>
      <group name="cucumber">
        <method signature="AbstractTestNGCucumberTests.feature(cucumber.api.testng.CucumberFeatureWrapper)[pri:0, instance:Testrunner.Testrunnerclass@7fd50002]" name="feature" class="cucumber.api.testng.AbstractTestNGCucumberTests"/>
      </group> <!-- cucumber -->
    </groups>
    <test started-at="2023-09-17T10:53:36 CDT" name="Default test" finished-at="2023-09-17T10:53:42 CDT" duration-ms="6237">
      <class name="Testrunner.Testrunnerclass">
        <test-method is-config="true" signature="setUpClass()[pri:0, instance:Testrunner.Testrunnerclass@7fd50002]" started-at="2023-09-17T10:53:36 CDT" name="setUpClass" finished-at="2023-09-17T10:53:36 CDT" duration-ms="139" status="PASS">
          <reporter-output>
          </reporter-output>
        </test-method> <!-- setUpClass -->
        <test-method signature="feature(cucumber.api.testng.CucumberFeatureWrapper)[pri:0, instance:Testrunner.Testrunnerclass@7fd50002]" started-at="2023-09-17T10:53:36 CDT" name="feature" description="Runs Cucumber Feature" data-provider="features" finished-at="2023-09-17T10:53:42 CDT" duration-ms="6006" status="PASS">
          <params>
            <param index="0">
              <value>
                <![CDATA[This is a login feature for verify the login functionality]]>
              </value>
            </param>
          </params>
          <reporter-output>
          </reporter-output>
        </test-method> <!-- feature -->
        <test-method is-config="true" signature="tearDownClass()[pri:0, instance:Testrunner.Testrunnerclass@7fd50002]" started-at="2023-09-17T10:53:42 CDT" name="tearDownClass" finished-at="2023-09-17T10:53:42 CDT" duration-ms="13" status="PASS">
          <reporter-output>
          </reporter-output>
        </test-method> <!-- tearDownClass -->
      </class> <!-- Testrunner.Testrunnerclass -->
    </test> <!-- Default test -->
  </suite> <!-- Default suite -->
</testng-results>
